<?xml version="1.0" encoding="UTF-8"?>
<!-- Generated by org.testng.reporters.JUnitReportReporter -->
<testsuite hostname="DESKTOP-P8GMCAP" failures="0" tests="1" name="org.testng.Parameterized_Text_Concept" time="0.025" errors="0" timestamp="2022-11-17T12:32:02 IST" skipped="0">
  <testcase classname="org.testng.Parameterized_Text_Concept" name="login_Page" time="0.025"/>
  <system-out/>
</testsuite> <!-- org.testng.Parameterized_Text_Concept -->
