<?xml version="1.0" encoding="UTF-8"?>
<!-- Generated by org.testng.reporters.JUnitReportReporter -->
<testsuite hostname="DESKTOP-P8GMCAP" failures="0" tests="6" name="org.testng.Grouping_Concept" time="0.031" errors="0" timestamp="2022-11-16T12:22:35 IST" skipped="0">
  <testcase classname="org.testng.Grouping_Concept" name="yamaha" time="0.021"/>
  <system-out/>
  <testcase classname="org.testng.Grouping_Concept" name="bajaj" time="0.002"/>
  <system-out/>
  <testcase classname="org.testng.Grouping_Concept" name="ktm" time="0.002"/>
  <system-out/>
  <testcase classname="org.testng.Grouping_Concept" name="suzuki" time="0.001"/>
  <system-out/>
  <testcase classname="org.testng.Grouping_Concept" name="ford" time="0.002"/>
  <system-out/>
  <testcase classname="org.testng.Grouping_Concept" name="skoda" time="0.003"/>
  <system-out/>
</testsuite> <!-- org.testng.Grouping_Concept -->
