<?xml version="1.0" encoding="UTF-8"?>
<!-- Generated by org.testng.reporters.JUnitReportReporter -->
<testsuite hostname="DESKTOP-P8GMCAP" failures="0" tests="3" name="org.testng.DataProvider_Concept" time="0.021" errors="0" timestamp="2022-11-17T12:20:52 IST" skipped="0">
  <testcase classname="org.testng.DataProvider_Concept" name="login_Page" time="0.019"/>
  <system-out/>
  <testcase classname="org.testng.DataProvider_Concept" name="login_Page" time="0.001"/>
  <system-out/>
  <testcase classname="org.testng.DataProvider_Concept" name="login_Page" time="0.001"/>
  <system-out/>
</testsuite> <!-- org.testng.DataProvider_Concept -->
