<?xml version="1.0" encoding="UTF-8"?>
<!-- Generated by org.testng.reporters.JUnitReportReporter -->
<testsuite hostname="DESKTOP-P8GMCAP" failures="0" tests="1" name="org.testng.Expected_Exception_Concept" time="0.012" errors="0" timestamp="2022-11-17T11:32:20 IST" skipped="0">
  <testcase classname="org.testng.Expected_Exception_Concept" name="math" time="0.012"/>
  <system-out/>
</testsuite> <!-- org.testng.Expected_Exception_Concept -->
