<?xml version="1.0" encoding="UTF-8"?>
<!-- Generated by org.testng.reporters.JUnitReportReporter -->
<testsuite hostname="DESKTOP-P8GMCAP" failures="0" tests="2" name="org.testng.Dependency_Concept" time="0.027" errors="0" timestamp="2022-11-16T12:30:49 IST" skipped="0">
  <testcase classname="org.testng.Dependency_Concept" name="searchPhotosInGallery" time="0.021"/>
  <system-out/>
  <testcase classname="org.testng.Dependency_Concept" name="uploadPhoto" time="0.006"/>
  <system-out/>
</testsuite> <!-- org.testng.Dependency_Concept -->
