<?xml version="1.0" encoding="UTF-8"?>
<!-- Generated by org.testng.reporters.JUnitReportReporter -->
<testsuite hostname="DESKTOP-P8GMCAP" failures="0" tests="5" name="org.testng.TestNG_Trail" time="0.018" errors="0" timestamp="2022-11-15T21:23:00 IST" skipped="0">
  <testcase classname="org.testng.TestNG_Trail" name="messagingFriends" time="0.009"/>
  <system-out/>
  <testcase classname="org.testng.TestNG_Trail" name="uploadingPhoto" time="0.002"/>
  <system-out/>
  <testcase classname="org.testng.TestNG_Trail" name="uploadingPhoto" time="0.003"/>
  <system-out/>
  <testcase classname="org.testng.TestNG_Trail" name="uploadingPhoto" time="0.001"/>
  <system-out/>
  <testcase classname="org.testng.TestNG_Trail" name="changeDp" time="0.003"/>
  <system-out/>
</testsuite> <!-- org.testng.TestNG_Trail -->
