<?xml version="1.0" encoding="UTF-8"?>
<!-- Generated by org.testng.reporters.JUnitReportReporter -->
<testsuite hostname="DESKTOP-P8GMCAP" failures="0" tests="3" name="org.browser.Amazon_Class" time="7.520" errors="0" timestamp="2022-11-17T14:06:02 IST" skipped="0">
  <testcase classname="org.browser.Amazon_Class" name="webLauncher" time="5.375"/>
  <system-out/>
  <testcase classname="org.browser.Amazon_Class" name="passingUserName" time="1.854"/>
  <system-out/>
  <testcase classname="org.browser.Amazon_Class" name="passingPassword" time="0.291"/>
  <system-out/>
</testsuite> <!-- org.browser.Amazon_Class -->
