<?xml version="1.0" encoding="UTF-8"?>
<!-- Generated by org.testng.reporters.JUnitReportReporter -->
<testsuite hostname="DESKTOP-P8GMCAP" failures="0" tests="1" name="org.testng.TimeOut_Concept" time="0.017" errors="0" timestamp="2022-11-17T11:25:55 IST" skipped="0">
  <testcase classname="org.testng.TimeOut_Concept" name="facebookLogin" time="0.017"/>
  <system-out/>
</testsuite> <!-- org.testng.TimeOut_Concept -->
