<?xml version="1.0" encoding="UTF-8"?>
<!-- Generated by org.testng.reporters.JUnitReportReporter -->
<testsuite hostname="DESKTOP-P8GMCAP" failures="0" tests="1" name="org.testng.Assert_Concept" time="0.058" errors="0" timestamp="2022-11-18T11:28:11 IST" skipped="0">
  <testcase classname="org.testng.Assert_Concept" name="assert_Concept" time="0.058"/>
  <system-out/>
</testsuite> <!-- org.testng.Assert_Concept -->
