<?xml version="1.0" encoding="UTF-8"?>
<!-- Generated by org.testng.reporters.JUnitReportReporter -->
<testsuite hostname="DESKTOP-P8GMCAP" failures="0" tests="1" name="org.testng.Parameteriezed_Text_Concept01" time="0.006" errors="0" timestamp="2022-11-17T12:32:02 IST" skipped="0">
  <testcase classname="org.testng.Parameteriezed_Text_Concept01" name="facebook" time="0.006"/>
  <system-out/>
</testsuite> <!-- org.testng.Parameteriezed_Text_Concept01 -->
