<?xml version="1.0" encoding="UTF-8"?>
<!-- Generated by org.testng.reporters.JUnitReportReporter -->
<testsuite hostname="DESKTOP-P8GMCAP" failures="0" tests="5" name="org.testng.Ignore_Concept" time="0.031" errors="0" timestamp="2022-11-16T11:42:55 IST" skipped="1">
  <testcase classname="org.testng.Ignore_Concept" name="ktm" time="0.003"/>
  <system-out/>
  <testcase classname="org.testng.Ignore_Concept" name="yamaha" time="0.003"/>
  <system-out/>
  <testcase classname="org.testng.Ignore_Concept" name="skoda" time="0.006"/>
  <system-out/>
  <testcase classname="org.testng.Ignore_Concept" name="avon" time="0.019"/>
  <system-out/>
  <testcase classname="org.testng.Ignore_Concept" name="suzuki">
    <skipped/>
  </testcase> <!-- suzuki -->
  <system-out/>
</testsuite> <!-- org.testng.Ignore_Concept -->
