<?xml version="1.0" encoding="UTF-8"?>
<!-- Generated by org.testng.reporters.JUnitReportReporter -->
<testsuite hostname="DESKTOP-P8GMCAP" failures="0" tests="1" name="org.testng.SoftAssert_Concept" time="0.034" errors="0" timestamp="2022-11-18T12:22:25 IST" skipped="0">
  <testcase classname="org.testng.SoftAssert_Concept" name="softAssert_Concept" time="0.034"/>
  <system-out/>
</testsuite> <!-- org.testng.SoftAssert_Concept -->
