<?xml version="1.0" encoding="UTF-8"?>
<!-- Generated by org.testng.reporters.JUnitReportReporter -->
<testsuite hostname="DESKTOP-P8GMCAP" failures="0" tests="3" name="org.testng.GroupsOfGroups" time="0.024" errors="0" timestamp="2022-11-16T12:26:47 IST" skipped="0">
  <testcase classname="org.testng.GroupsOfGroups" name="suzuki" time="0.019"/>
  <system-out/>
  <testcase classname="org.testng.GroupsOfGroups" name="ford" time="0.002"/>
  <system-out/>
  <testcase classname="org.testng.GroupsOfGroups" name="skoda" time="0.003"/>
  <system-out/>
</testsuite> <!-- org.testng.GroupsOfGroups -->
