<?xml version="1.0" encoding="UTF-8"?>
<!-- Generated by org.testng.reporters.JUnitReportReporter -->
<testsuite hostname="DESKTOP-P8GMCAP" failures="0" tests="3" name="org.testng.Parallel_Concept" time="0.053" errors="0" timestamp="2022-11-17T12:09:38 IST" skipped="0">
  <testcase classname="org.testng.Parallel_Concept" name="userName" time="0.017"/>
  <system-out/>
  <testcase classname="org.testng.Parallel_Concept" name="password" time="0.018"/>
  <system-out/>
  <testcase classname="org.testng.Parallel_Concept" name="login" time="0.018"/>
  <system-out/>
</testsuite> <!-- org.testng.Parallel_Concept -->
